<?xml version="1.0" encoding="UTF-8"?>
<testsuite name="CinemaTests" tests="1" skipped="0" failures="0" errors="0" timestamp="2025-06-22T06:16:35" hostname="Dhairyas-MacBook-Air.local" time="1.098">
  <properties/>
  <testcase name="start" classname="CinemaTests" time="1.098"/>
  <system-out><![CDATA[?[1;31m
Start test 1?[0m
?[0;34m
?[0m?[0;34m  .   ____          _            __ _ _
?[0m?[0;34m /\\ / ___'_ __ _ _(_)_ __  __ _ \ \ \ \
?[0m?[0;34m( ( )\___ | '_ | '_| | '_ \/ _` | \ \ \ \
?[0m?[0;34m \\/  ___)| |_)| | | | | || (_| |  ) ) ) )
?[0m?[0;34m  '  |____| .__|_| |_|_| |_\__, | / / / /
?[0m?[0;34m =========|_|==============|___/=/_/_/_/
?[0m?[0;34m :: Spring Boot ::                (v3.2.0)
?[0m?[0;34m
?[0m?[0;34m2025-06-22T14:16:35.375+08:00  INFO 55140 --- [    Test worker] cinema.Main                              : Starting Main using Java 21.0.6 with PID 55140 (started by dhairyapatel in /Users/dhairyapatel/Desktop/Projects/Cinema Room REST Service with Java/Cinema Room REST Service with Java/task)
?[0m?[0;34m2025-06-22T14:16:35.376+08:00  INFO 55140 --- [    Test worker] cinema.Main                              : No active profile set, falling back to 1 default profile: "default"
?[0m?[0;34m2025-06-22T14:16:35.799+08:00  INFO 55140 --- [    Test worker] o.s.b.w.embedded.tomcat.TomcatWebServer  : Tomcat initialized with port 28852 (http)
?[0m?[0;34m2025-06-22T14:16:35.804+08:00  INFO 55140 --- [    Test worker] o.apache.catalina.core.StandardService   : Starting service [Tomcat]
?[0m?[0;34m2025-06-22T14:16:35.804+08:00  INFO 55140 --- [    Test worker] o.apache.catalina.core.StandardEngine    : Starting Servlet engine: [Apache Tomcat/10.1.16]
?[0m?[0;34m2025-06-22T14:16:35.824+08:00  INFO 55140 --- [    Test worker] o.a.c.c.C.[Tomcat].[localhost].[/]       : Initializing Spring embedded WebApplicationContext
?[0m?[0;34m2025-06-22T14:16:35.825+08:00  INFO 55140 --- [    Test worker] w.s.c.ServletWebServerApplicationContext : Root WebApplicationContext: initialization completed in 434 ms
?[0m?[0;34m2025-06-22T14:16:36.030+08:00  INFO 55140 --- [    Test worker] o.s.b.a.e.web.EndpointLinksResolver      : Exposing 14 endpoint(s) beneath base path '/actuator'
?[0m?[0;34m2025-06-22T14:16:36.053+08:00  INFO 55140 --- [    Test worker] o.s.b.w.embedded.tomcat.TomcatWebServer  : Tomcat started on port 28852 (http) with context path ''
?[0m?[0;34m2025-06-22T14:16:36.064+08:00  INFO 55140 --- [    Test worker] cinema.Main                              : Started Main in 0.819 seconds (process running for 1.109)
?[0;34m2025-06-22T14:16:36.202+08:00  INFO 55140 --- [io-28852-exec-1] o.a.c.c.C.[Tomcat].[localhost].[/]       : Initializing Spring DispatcherServlet 'dispatcherServlet'
?[0m?[0;34m2025-06-22T14:16:36.202+08:00  INFO 55140 --- [io-28852-exec-1] o.s.web.servlet.DispatcherServlet        : Initializing Servlet 'dispatcherServlet'
?[0m?[0;34m2025-06-22T14:16:36.203+08:00  INFO 55140 --- [io-28852-exec-1] o.s.web.servlet.DispatcherServlet        : Completed initialization in 1 ms
?[0m?[1;31m
Start test 2?[0m
]]></system-out>
  <system-err><![CDATA[]]></system-err>
</testsuite>
